<?xml version="1.0" encoding="UTF-8"?>
<!-- Generated by org.testng.reporters.JUnitXMLReporter -->
<testsuite ignored="0" hostname="DESKTOP-IEPVL3O" failures="1" tests="14" name="NopcommerceTest" time="225.162" errors="0" timestamp="2023-11-05T13:02:53 IST">
  <testcase classname="com.nopcommerce.testCases.TC_LoginTest_001" name="loginTest" time="5.473"/>
  <testcase classname="com.nopcommerce.testCases.TC_LoginTest_001" name="logoutTestcase" time="0.003"/>
  <testcase classname="com.nopcommerce.testCases.TC_LoginDDT_001" name="LoginDDT" time="1.471"/>
  <testcase classname="com.nopcommerce.testCases.TC_LoginDDT_001" name="LoginDDT" time="0.352"/>
  <testcase classname="com.nopcommerce.testCases.TC_LoginDDT_001" name="LoginDDT" time="0.303"/>
  <testcase classname="com.nopcommerce.testCases.TC_LoginDDT_001" name="LoginDDT" time="0.332"/>
  <testcase classname="com.nopcommerce.testCases.TC_SearchPage_002" name="SearchPage" time="3.126"/>
  <testcase classname="com.nopcommerce.testCases.TC_RegisterPage_003" name="RegisterPage" time="19.657"/>
  <testcase classname="com.nopcommerce.testCases.TC_SelectProduct_004" name="SelectProduct" time="27.983"/>
  <testcase classname="com.nopcommerce.testCases.TC_WishList_005" name="WishLIst" time="1.468"/>
  <testcase classname="com.nopcommerce.testCases.TC_ShoppingCart_006" name="ShoppingCart" time="0.642"/>
  <testcase classname="com.nopcommerce.testCases.TC_AddProductShopping_007" name="ProductWishList" time="34.974">
    <failure type="org.openqa.selenium.ElementClickInterceptedException" message="Element &amp;lt;span class=&amp;quot;cart-label&amp;quot;&amp;gt; is not clickable at point (1090,1) because another element &amp;lt;div class=&amp;quot;bar-notification success&amp;quot;&amp;gt; obscures it
Build info: version: &amp;apos;4.12.1&amp;apos;, revision: &amp;apos;8e34639b11&amp;apos;
System info: os.name: &amp;apos;Windows 10&amp;apos;, os.arch: &amp;apos;amd64&amp;apos;, os.version: &amp;apos;10.0&amp;apos;, java.version: &amp;apos;19.0.1&amp;apos;
Driver info: org.openqa.selenium.firefox.FirefoxDriver
Command: [4d45ccc1-c812-4579-af9f-34ff1eb3d115, clickElement {id=fad42152-ef05-4591-8d9a-5208ec32a14e}]
Capabilities {acceptInsecureCerts: true, browserName: firefox, browserVersion: 119.0, moz:accessibilityChecks: false, moz:buildID: 20231019122658, moz:debuggerAddress: 127.0.0.1:47826, moz:geckodriverVersion: 0.33.0, moz:headless: false, moz:platformVersion: 10.0, moz:processID: 10404, moz:profile: C:\Users\Admin\AppData\Loca..., moz:shutdownTimeout: 60000, moz:webdriverClick: true, moz:windowless: false, pageLoadStrategy: normal, platformName: windows, proxy: Proxy(), se:cdp: ws://127.0.0.1:47826/devtoo..., se:cdpVersion: 85.0, setWindowRect: true, strictFileInteractability: false, timeouts: {implicit: 0, pageLoad: 300000, script: 30000}, unhandledPromptBehavior: dismiss and notify}
Element: [[FirefoxDriver: firefox on windows (4d45ccc1-c812-4579-af9f-34ff1eb3d115)] -&amp;gt; class name: cart-label]
Session ID: 4d45ccc1-c812-4579-af9f-34ff1eb3d115">
      <![CDATA[org.openqa.selenium.ElementClickInterceptedException: Element <span class="cart-label"> is not clickable at point (1090,1) because another element <div class="bar-notification success"> obscures it
Build info: version: '4.12.1', revision: '8e34639b11'
System info: os.name: 'Windows 10', os.arch: 'amd64', os.version: '10.0', java.version: '19.0.1'
Driver info: org.openqa.selenium.firefox.FirefoxDriver
Command: [4d45ccc1-c812-4579-af9f-34ff1eb3d115, clickElement {id=fad42152-ef05-4591-8d9a-5208ec32a14e}]
Capabilities {acceptInsecureCerts: true, browserName: firefox, browserVersion: 119.0, moz:accessibilityChecks: false, moz:buildID: 20231019122658, moz:debuggerAddress: 127.0.0.1:47826, moz:geckodriverVersion: 0.33.0, moz:headless: false, moz:platformVersion: 10.0, moz:processID: 10404, moz:profile: C:\Users\Admin\AppData\Loca..., moz:shutdownTimeout: 60000, moz:webdriverClick: true, moz:windowless: false, pageLoadStrategy: normal, platformName: windows, proxy: Proxy(), se:cdp: ws://127.0.0.1:47826/devtoo..., se:cdpVersion: 85.0, setWindowRect: true, strictFileInteractability: false, timeouts: {implicit: 0, pageLoad: 300000, script: 30000}, unhandledPromptBehavior: dismiss and notify}
Element: [[FirefoxDriver: firefox on windows (4d45ccc1-c812-4579-af9f-34ff1eb3d115)] -> class name: cart-label]
Session ID: 4d45ccc1-c812-4579-af9f-34ff1eb3d115
at org.openqa.selenium.remote.codec.w3c.W3CHttpResponseCodec.createException(W3CHttpResponseCodec.java:200)
at org.openqa.selenium.remote.codec.w3c.W3CHttpResponseCodec.decode(W3CHttpResponseCodec.java:133)
at org.openqa.selenium.remote.codec.w3c.W3CHttpResponseCodec.decode(W3CHttpResponseCodec.java:52)
at org.openqa.selenium.remote.HttpCommandExecutor.execute(HttpCommandExecutor.java:191)
at org.openqa.selenium.remote.service.DriverCommandExecutor.invokeExecute(DriverCommandExecutor.java:196)
at org.openqa.selenium.remote.service.DriverCommandExecutor.execute(DriverCommandExecutor.java:171)
at org.openqa.selenium.remote.RemoteWebDriver.execute(RemoteWebDriver.java:602)
at org.openqa.selenium.remote.RemoteWebElement.execute(RemoteWebElement.java:224)
at org.openqa.selenium.remote.RemoteWebElement.click(RemoteWebElement.java:77)
at org.openqa.selenium.support.pagefactory.internal.LocatingElementHandler.invoke(LocatingElementHandler.java:51)
at jdk.proxy2/jdk.proxy2.$Proxy17.click(Unknown Source)
at com.nopcommerce.PageObjects.AddProductShoppingPO.ClickShoppingCart(AddProductShoppingPO.java:61)
at com.nopcommerce.testCases.TC_AddProductShopping_007.ProductWishList(TC_AddProductShopping_007.java:16)
at java.base/java.util.ArrayList.forEach(ArrayList.java:1511)
... Removed 30 stack frames]]>
    </failure>
  </testcase> <!-- ProductWishList -->
  <testcase classname="com.nopcommerce.testCases.TC_NewsPage_008" name="newsPage" time="3.932"/>
  <testcase classname="com.nopcommerce.testCases.TC_Blog_009" name="blog" time="1.69"/>
</testsuite> <!-- NopcommerceTest -->
