<?xml version="1.0" encoding="UTF-8"?>
<testng-results ignored="0" total="14" passed="13" failed="1" skipped="0">
  <reporter-output>
  </reporter-output>
  <suite started-at="2023-11-05T12:59:07 IST" name="nopcommerce" finished-at="2023-11-05T13:02:53 IST" duration-ms="225162">
    <groups>
    </groups>
    <test started-at="2023-11-05T12:59:07 IST" name="NopcommerceTest" finished-at="2023-11-05T13:02:53 IST" duration-ms="225162">
      <class name="com.nopcommerce.testCases.TC_Blog_009">
        <test-method is-config="true" signature="setup(java.lang.String)[pri:0, instance:com.nopcommerce.testCases.TC_Blog_009@1573f9fc]" started-at="2023-11-05T13:02:38 IST" name="setup" finished-at="2023-11-05T13:02:46 IST" duration-ms="7365" status="PASS">
          <params>
            <param index="0">
              <value>
                <![CDATA[firefox]]>
              </value>
            </param>
          </params>
          <reporter-output>
          </reporter-output>
        </test-method> <!-- setup -->
        <test-method signature="blog()[pri:0, instance:com.nopcommerce.testCases.TC_Blog_009@1573f9fc]" started-at="2023-11-05T13:02:46 IST" name="blog" finished-at="2023-11-05T13:02:47 IST" duration-ms="1690" status="PASS">
          <reporter-output>
          </reporter-output>
        </test-method> <!-- blog -->
        <test-method is-config="true" signature="tearDown()[pri:0, instance:com.nopcommerce.testCases.TC_Blog_009@1573f9fc]" started-at="2023-11-05T13:02:47 IST" name="tearDown" finished-at="2023-11-05T13:02:53 IST" duration-ms="5283" status="PASS">
          <reporter-output>
          </reporter-output>
        </test-method> <!-- tearDown -->
      </class> <!-- com.nopcommerce.testCases.TC_Blog_009 -->
      <class name="com.nopcommerce.testCases.TC_NewsPage_008">
        <test-method is-config="true" signature="setup(java.lang.String)[pri:0, instance:com.nopcommerce.testCases.TC_NewsPage_008@5542c4ed]" started-at="2023-11-05T13:02:23 IST" name="setup" finished-at="2023-11-05T13:02:29 IST" duration-ms="6207" status="PASS">
          <params>
            <param index="0">
              <value>
                <![CDATA[firefox]]>
              </value>
            </param>
          </params>
          <reporter-output>
          </reporter-output>
        </test-method> <!-- setup -->
        <test-method signature="newsPage()[pri:0, instance:com.nopcommerce.testCases.TC_NewsPage_008@5542c4ed]" started-at="2023-11-05T13:02:29 IST" name="newsPage" finished-at="2023-11-05T13:02:33 IST" duration-ms="3932" status="PASS">
          <reporter-output>
          </reporter-output>
        </test-method> <!-- newsPage -->
        <test-method is-config="true" signature="tearDown()[pri:0, instance:com.nopcommerce.testCases.TC_NewsPage_008@5542c4ed]" started-at="2023-11-05T13:02:33 IST" name="tearDown" finished-at="2023-11-05T13:02:38 IST" duration-ms="5184" status="PASS">
          <reporter-output>
          </reporter-output>
        </test-method> <!-- tearDown -->
      </class> <!-- com.nopcommerce.testCases.TC_NewsPage_008 -->
      <class name="com.nopcommerce.testCases.TC_SelectProduct_004">
        <test-method is-config="true" signature="setup(java.lang.String)[pri:0, instance:com.nopcommerce.testCases.TC_SelectProduct_004@4c12331b]" started-at="2023-11-05T13:00:30 IST" name="setup" finished-at="2023-11-05T13:00:36 IST" duration-ms="6167" status="PASS">
          <params>
            <param index="0">
              <value>
                <![CDATA[firefox]]>
              </value>
            </param>
          </params>
          <reporter-output>
          </reporter-output>
        </test-method> <!-- setup -->
        <test-method signature="SelectProduct()[pri:0, instance:com.nopcommerce.testCases.TC_SelectProduct_004@4c12331b]" started-at="2023-11-05T13:00:36 IST" name="SelectProduct" finished-at="2023-11-05T13:01:04 IST" duration-ms="27983" status="PASS">
          <reporter-output>
          </reporter-output>
        </test-method> <!-- SelectProduct -->
        <test-method is-config="true" signature="tearDown()[pri:0, instance:com.nopcommerce.testCases.TC_SelectProduct_004@4c12331b]" started-at="2023-11-05T13:01:04 IST" name="tearDown" finished-at="2023-11-05T13:01:09 IST" duration-ms="5248" status="PASS">
          <reporter-output>
          </reporter-output>
        </test-method> <!-- tearDown -->
      </class> <!-- com.nopcommerce.testCases.TC_SelectProduct_004 -->
      <class name="com.nopcommerce.testCases.TC_RegisterPage_003">
        <test-method is-config="true" signature="setup(java.lang.String)[pri:0, instance:com.nopcommerce.testCases.TC_RegisterPage_003@1165b38]" started-at="2023-11-05T12:59:59 IST" name="setup" finished-at="2023-11-05T13:00:05 IST" duration-ms="5864" status="PASS">
          <params>
            <param index="0">
              <value>
                <![CDATA[firefox]]>
              </value>
            </param>
          </params>
          <reporter-output>
          </reporter-output>
        </test-method> <!-- setup -->
        <test-method signature="RegisterPage()[pri:0, instance:com.nopcommerce.testCases.TC_RegisterPage_003@1165b38]" started-at="2023-11-05T13:00:05 IST" name="RegisterPage" finished-at="2023-11-05T13:00:25 IST" duration-ms="19657" status="PASS">
          <reporter-output>
          </reporter-output>
        </test-method> <!-- RegisterPage -->
        <test-method is-config="true" signature="tearDown()[pri:0, instance:com.nopcommerce.testCases.TC_RegisterPage_003@1165b38]" started-at="2023-11-05T13:00:25 IST" name="tearDown" finished-at="2023-11-05T13:00:30 IST" duration-ms="5326" status="PASS">
          <reporter-output>
          </reporter-output>
        </test-method> <!-- tearDown -->
      </class> <!-- com.nopcommerce.testCases.TC_RegisterPage_003 -->
      <class name="com.nopcommerce.testCases.TC_LoginDDT_001">
        <test-method is-config="true" signature="setup(java.lang.String)[pri:0, instance:com.nopcommerce.testCases.TC_LoginDDT_001@327514f]" started-at="2023-11-05T12:59:28 IST" name="setup" finished-at="2023-11-05T12:59:34 IST" duration-ms="6053" status="PASS">
          <params>
            <param index="0">
              <value>
                <![CDATA[firefox]]>
              </value>
            </param>
          </params>
          <reporter-output>
          </reporter-output>
        </test-method> <!-- setup -->
        <test-method signature="LoginDDT(java.lang.String,java.lang.String)[pri:0, instance:com.nopcommerce.testCases.TC_LoginDDT_001@327514f]" started-at="2023-11-05T12:59:37 IST" name="LoginDDT" data-provider="Loginsource" finished-at="2023-11-05T12:59:38 IST" duration-ms="1471" status="PASS">
          <params>
            <param index="0">
              <value>
                <![CDATA[abcd123@gmail.com]]>
              </value>
            </param>
            <param index="1">
              <value>
                <![CDATA[12345678]]>
              </value>
            </param>
          </params>
          <reporter-output>
          </reporter-output>
        </test-method> <!-- LoginDDT -->
        <test-method signature="LoginDDT(java.lang.String,java.lang.String)[pri:0, instance:com.nopcommerce.testCases.TC_LoginDDT_001@327514f]" started-at="2023-11-05T12:59:38 IST" name="LoginDDT" data-provider="Loginsource" finished-at="2023-11-05T12:59:39 IST" duration-ms="352" status="PASS">
          <params>
            <param index="0">
              <value>
                <![CDATA[abcd@123gmail.com]]>
              </value>
            </param>
            <param index="1">
              <value>
                <![CDATA[123456]]>
              </value>
            </param>
          </params>
          <reporter-output>
          </reporter-output>
        </test-method> <!-- LoginDDT -->
        <test-method signature="LoginDDT(java.lang.String,java.lang.String)[pri:0, instance:com.nopcommerce.testCases.TC_LoginDDT_001@327514f]" started-at="2023-11-05T12:59:39 IST" name="LoginDDT" data-provider="Loginsource" finished-at="2023-11-05T12:59:39 IST" duration-ms="303" status="PASS">
          <params>
            <param index="0">
              <value>
                <![CDATA[dskljalfd]]>
              </value>
            </param>
            <param index="1">
              <value>
                <![CDATA[3784]]>
              </value>
            </param>
          </params>
          <reporter-output>
          </reporter-output>
        </test-method> <!-- LoginDDT -->
        <test-method signature="LoginDDT(java.lang.String,java.lang.String)[pri:0, instance:com.nopcommerce.testCases.TC_LoginDDT_001@327514f]" started-at="2023-11-05T12:59:39 IST" name="LoginDDT" data-provider="Loginsource" finished-at="2023-11-05T12:59:39 IST" duration-ms="332" status="PASS">
          <params>
            <param index="0">
              <value>
                <![CDATA[jkdfs98342]]>
              </value>
            </param>
            <param index="1">
              <value>
                <![CDATA[98234]]>
              </value>
            </param>
          </params>
          <reporter-output>
          </reporter-output>
        </test-method> <!-- LoginDDT -->
        <test-method is-config="true" signature="tearDown()[pri:0, instance:com.nopcommerce.testCases.TC_LoginDDT_001@327514f]" started-at="2023-11-05T12:59:39 IST" name="tearDown" finished-at="2023-11-05T12:59:45 IST" duration-ms="5336" status="PASS">
          <reporter-output>
          </reporter-output>
        </test-method> <!-- tearDown -->
      </class> <!-- com.nopcommerce.testCases.TC_LoginDDT_001 -->
      <class name="com.nopcommerce.testCases.TC_LoginTest_001">
        <test-method is-config="true" signature="setup(java.lang.String)[pri:0, instance:com.nopcommerce.testCases.TC_LoginTest_001@38425407]" started-at="2023-11-05T12:59:07 IST" name="setup" finished-at="2023-11-05T12:59:17 IST" duration-ms="9892" status="PASS">
          <params>
            <param index="0">
              <value>
                <![CDATA[firefox]]>
              </value>
            </param>
          </params>
          <reporter-output>
          </reporter-output>
        </test-method> <!-- setup -->
        <test-method signature="loginTest()[pri:0, instance:com.nopcommerce.testCases.TC_LoginTest_001@38425407]" started-at="2023-11-05T12:59:17 IST" name="loginTest" finished-at="2023-11-05T12:59:23 IST" duration-ms="5473" status="PASS">
          <reporter-output>
          </reporter-output>
        </test-method> <!-- loginTest -->
        <test-method signature="logoutTestcase()[pri:0, instance:com.nopcommerce.testCases.TC_LoginTest_001@38425407]" started-at="2023-11-05T12:59:23 IST" name="logoutTestcase" finished-at="2023-11-05T12:59:23 IST" duration-ms="3" status="PASS">
          <reporter-output>
          </reporter-output>
        </test-method> <!-- logoutTestcase -->
        <test-method is-config="true" signature="tearDown()[pri:0, instance:com.nopcommerce.testCases.TC_LoginTest_001@38425407]" started-at="2023-11-05T12:59:23 IST" name="tearDown" finished-at="2023-11-05T12:59:28 IST" duration-ms="5383" status="PASS">
          <reporter-output>
          </reporter-output>
        </test-method> <!-- tearDown -->
      </class> <!-- com.nopcommerce.testCases.TC_LoginTest_001 -->
      <class name="com.nopcommerce.testCases.TC_ShoppingCart_006">
        <test-method is-config="true" signature="setup(java.lang.String)[pri:0, instance:com.nopcommerce.testCases.TC_ShoppingCart_006@3b69e7d1]" started-at="2023-11-05T13:01:23 IST" name="setup" finished-at="2023-11-05T13:01:30 IST" duration-ms="7392" status="PASS">
          <params>
            <param index="0">
              <value>
                <![CDATA[firefox]]>
              </value>
            </param>
          </params>
          <reporter-output>
          </reporter-output>
        </test-method> <!-- setup -->
        <test-method signature="ShoppingCart()[pri:0, instance:com.nopcommerce.testCases.TC_ShoppingCart_006@3b69e7d1]" started-at="2023-11-05T13:01:30 IST" name="ShoppingCart" finished-at="2023-11-05T13:01:31 IST" duration-ms="642" status="PASS">
          <reporter-output>
          </reporter-output>
        </test-method> <!-- ShoppingCart -->
        <test-method is-config="true" signature="tearDown()[pri:0, instance:com.nopcommerce.testCases.TC_ShoppingCart_006@3b69e7d1]" started-at="2023-11-05T13:01:31 IST" name="tearDown" finished-at="2023-11-05T13:01:36 IST" duration-ms="5138" status="PASS">
          <reporter-output>
          </reporter-output>
        </test-method> <!-- tearDown -->
      </class> <!-- com.nopcommerce.testCases.TC_ShoppingCart_006 -->
      <class name="com.nopcommerce.testCases.TC_SearchPage_002">
        <test-method is-config="true" signature="setup(java.lang.String)[pri:0, instance:com.nopcommerce.testCases.TC_SearchPage_002@5b12b668]" started-at="2023-11-05T12:59:45 IST" name="setup" finished-at="2023-11-05T12:59:51 IST" duration-ms="6013" status="PASS">
          <params>
            <param index="0">
              <value>
                <![CDATA[firefox]]>
              </value>
            </param>
          </params>
          <reporter-output>
          </reporter-output>
        </test-method> <!-- setup -->
        <test-method signature="SearchPage()[pri:0, instance:com.nopcommerce.testCases.TC_SearchPage_002@5b12b668]" started-at="2023-11-05T12:59:51 IST" name="SearchPage" finished-at="2023-11-05T12:59:54 IST" duration-ms="3126" status="PASS">
          <reporter-output>
          </reporter-output>
        </test-method> <!-- SearchPage -->
        <test-method is-config="true" signature="tearDown()[pri:0, instance:com.nopcommerce.testCases.TC_SearchPage_002@5b12b668]" started-at="2023-11-05T12:59:54 IST" name="tearDown" finished-at="2023-11-05T12:59:59 IST" duration-ms="5371" status="PASS">
          <reporter-output>
          </reporter-output>
        </test-method> <!-- tearDown -->
      </class> <!-- com.nopcommerce.testCases.TC_SearchPage_002 -->
      <class name="com.nopcommerce.testCases.TC_AddProductShopping_007">
        <test-method is-config="true" signature="setup(java.lang.String)[pri:0, instance:com.nopcommerce.testCases.TC_AddProductShopping_007@815b41f]" started-at="2023-11-05T13:01:36 IST" name="setup" finished-at="2023-11-05T13:01:43 IST" duration-ms="6951" status="PASS">
          <params>
            <param index="0">
              <value>
                <![CDATA[firefox]]>
              </value>
            </param>
          </params>
          <reporter-output>
          </reporter-output>
        </test-method> <!-- setup -->
        <test-method signature="ProductWishList()[pri:0, instance:com.nopcommerce.testCases.TC_AddProductShopping_007@815b41f]" started-at="2023-11-05T13:01:43 IST" name="ProductWishList" finished-at="2023-11-05T13:02:18 IST" duration-ms="34974" status="FAIL">
          <exception class="org.openqa.selenium.ElementClickInterceptedException">
            <message>
              <![CDATA[Element <span class="cart-label"> is not clickable at point (1090,1) because another element <div class="bar-notification success"> obscures it
Build info: version: '4.12.1', revision: '8e34639b11'
System info: os.name: 'Windows 10', os.arch: 'amd64', os.version: '10.0', java.version: '19.0.1'
Driver info: org.openqa.selenium.firefox.FirefoxDriver
Command: [4d45ccc1-c812-4579-af9f-34ff1eb3d115, clickElement {id=fad42152-ef05-4591-8d9a-5208ec32a14e}]
Capabilities {acceptInsecureCerts: true, browserName: firefox, browserVersion: 119.0, moz:accessibilityChecks: false, moz:buildID: 20231019122658, moz:debuggerAddress: 127.0.0.1:47826, moz:geckodriverVersion: 0.33.0, moz:headless: false, moz:platformVersion: 10.0, moz:processID: 10404, moz:profile: C:\Users\Admin\AppData\Loca..., moz:shutdownTimeout: 60000, moz:webdriverClick: true, moz:windowless: false, pageLoadStrategy: normal, platformName: windows, proxy: Proxy(), se:cdp: ws://127.0.0.1:47826/devtoo..., se:cdpVersion: 85.0, setWindowRect: true, strictFileInteractability: false, timeouts: {implicit: 0, pageLoad: 300000, script: 30000}, unhandledPromptBehavior: dismiss and notify}
Element: [[FirefoxDriver: firefox on windows (4d45ccc1-c812-4579-af9f-34ff1eb3d115)] -> class name: cart-label]
Session ID: 4d45ccc1-c812-4579-af9f-34ff1eb3d115]]>
            </message>
            <full-stacktrace>
              <![CDATA[org.openqa.selenium.ElementClickInterceptedException: Element <span class="cart-label"> is not clickable at point (1090,1) because another element <div class="bar-notification success"> obscures it
Build info: version: '4.12.1', revision: '8e34639b11'
System info: os.name: 'Windows 10', os.arch: 'amd64', os.version: '10.0', java.version: '19.0.1'
Driver info: org.openqa.selenium.firefox.FirefoxDriver
Command: [4d45ccc1-c812-4579-af9f-34ff1eb3d115, clickElement {id=fad42152-ef05-4591-8d9a-5208ec32a14e}]
Capabilities {acceptInsecureCerts: true, browserName: firefox, browserVersion: 119.0, moz:accessibilityChecks: false, moz:buildID: 20231019122658, moz:debuggerAddress: 127.0.0.1:47826, moz:geckodriverVersion: 0.33.0, moz:headless: false, moz:platformVersion: 10.0, moz:processID: 10404, moz:profile: C:\Users\Admin\AppData\Loca..., moz:shutdownTimeout: 60000, moz:webdriverClick: true, moz:windowless: false, pageLoadStrategy: normal, platformName: windows, proxy: Proxy(), se:cdp: ws://127.0.0.1:47826/devtoo..., se:cdpVersion: 85.0, setWindowRect: true, strictFileInteractability: false, timeouts: {implicit: 0, pageLoad: 300000, script: 30000}, unhandledPromptBehavior: dismiss and notify}
Element: [[FirefoxDriver: firefox on windows (4d45ccc1-c812-4579-af9f-34ff1eb3d115)] -> class name: cart-label]
Session ID: 4d45ccc1-c812-4579-af9f-34ff1eb3d115
at java.base/jdk.internal.reflect.DirectConstructorHandleAccessor.newInstance(DirectConstructorHandleAccessor.java:67)
at java.base/java.lang.reflect.Constructor.newInstanceWithCaller(Constructor.java:500)
at java.base/java.lang.reflect.Constructor.newInstance(Constructor.java:484)
at org.openqa.selenium.remote.codec.w3c.W3CHttpResponseCodec.createException(W3CHttpResponseCodec.java:200)
at org.openqa.selenium.remote.codec.w3c.W3CHttpResponseCodec.decode(W3CHttpResponseCodec.java:133)
at org.openqa.selenium.remote.codec.w3c.W3CHttpResponseCodec.decode(W3CHttpResponseCodec.java:52)
at org.openqa.selenium.remote.HttpCommandExecutor.execute(HttpCommandExecutor.java:191)
at org.openqa.selenium.remote.service.DriverCommandExecutor.invokeExecute(DriverCommandExecutor.java:196)
at org.openqa.selenium.remote.service.DriverCommandExecutor.execute(DriverCommandExecutor.java:171)
at org.openqa.selenium.remote.RemoteWebDriver.execute(RemoteWebDriver.java:602)
at org.openqa.selenium.remote.RemoteWebElement.execute(RemoteWebElement.java:224)
at org.openqa.selenium.remote.RemoteWebElement.click(RemoteWebElement.java:77)
at java.base/jdk.internal.reflect.DirectMethodHandleAccessor.invoke(DirectMethodHandleAccessor.java:104)
at java.base/java.lang.reflect.Method.invoke(Method.java:578)
at org.openqa.selenium.support.pagefactory.internal.LocatingElementHandler.invoke(LocatingElementHandler.java:51)
at jdk.proxy2/jdk.proxy2.$Proxy17.click(Unknown Source)
at com.nopcommerce.PageObjects.AddProductShoppingPO.ClickShoppingCart(AddProductShoppingPO.java:61)
at com.nopcommerce.testCases.TC_AddProductShopping_007.ProductWishList(TC_AddProductShopping_007.java:16)
at java.base/jdk.internal.reflect.DirectMethodHandleAccessor.invoke(DirectMethodHandleAccessor.java:104)
at java.base/java.lang.reflect.Method.invoke(Method.java:578)
at org.testng.internal.invokers.MethodInvocationHelper.invokeMethod(MethodInvocationHelper.java:139)
at org.testng.internal.invokers.TestInvoker.invokeMethod(TestInvoker.java:677)
at org.testng.internal.invokers.TestInvoker.invokeTestMethod(TestInvoker.java:221)
at org.testng.internal.invokers.MethodRunner.runInSequence(MethodRunner.java:50)
at org.testng.internal.invokers.TestInvoker$MethodInvocationAgent.invoke(TestInvoker.java:969)
at org.testng.internal.invokers.TestInvoker.invokeTestMethods(TestInvoker.java:194)
at org.testng.internal.invokers.TestMethodWorker.invokeTestMethods(TestMethodWorker.java:148)
at org.testng.internal.invokers.TestMethodWorker.run(TestMethodWorker.java:128)
at java.base/java.util.ArrayList.forEach(ArrayList.java:1511)
at org.testng.TestRunner.privateRun(TestRunner.java:829)
at org.testng.TestRunner.run(TestRunner.java:602)
at org.testng.SuiteRunner.runTest(SuiteRunner.java:437)
at org.testng.SuiteRunner.runSequentially(SuiteRunner.java:431)
at org.testng.SuiteRunner.privateRun(SuiteRunner.java:391)
at org.testng.SuiteRunner.run(SuiteRunner.java:330)
at org.testng.SuiteRunnerWorker.runSuite(SuiteRunnerWorker.java:52)
at org.testng.SuiteRunnerWorker.run(SuiteRunnerWorker.java:95)
at org.testng.TestNG.runSuitesSequentially(TestNG.java:1256)
at org.testng.TestNG.runSuitesLocally(TestNG.java:1176)
at org.testng.TestNG.runSuites(TestNG.java:1099)
at org.testng.TestNG.run(TestNG.java:1067)
at org.testng.remote.AbstractRemoteTestNG.run(AbstractRemoteTestNG.java:115)
at org.testng.remote.RemoteTestNG.initAndRun(RemoteTestNG.java:251)
at org.testng.remote.RemoteTestNG.main(RemoteTestNG.java:77)
]]>
            </full-stacktrace>
          </exception> <!-- org.openqa.selenium.ElementClickInterceptedException -->
          <reporter-output>
          </reporter-output>
        </test-method> <!-- ProductWishList -->
        <test-method is-config="true" signature="tearDown()[pri:0, instance:com.nopcommerce.testCases.TC_AddProductShopping_007@815b41f]" started-at="2023-11-05T13:02:18 IST" name="tearDown" finished-at="2023-11-05T13:02:23 IST" duration-ms="5260" status="PASS">
          <reporter-output>
          </reporter-output>
        </test-method> <!-- tearDown -->
      </class> <!-- com.nopcommerce.testCases.TC_AddProductShopping_007 -->
      <class name="com.nopcommerce.testCases.TC_WishList_005">
        <test-method is-config="true" signature="setup(java.lang.String)[pri:0, instance:com.nopcommerce.testCases.TC_WishList_005@7586beff]" started-at="2023-11-05T13:01:09 IST" name="setup" finished-at="2023-11-05T13:01:16 IST" duration-ms="6536" status="PASS">
          <params>
            <param index="0">
              <value>
                <![CDATA[firefox]]>
              </value>
            </param>
          </params>
          <reporter-output>
          </reporter-output>
        </test-method> <!-- setup -->
        <test-method signature="WishLIst()[pri:0, instance:com.nopcommerce.testCases.TC_WishList_005@7586beff]" started-at="2023-11-05T13:01:16 IST" name="WishLIst" finished-at="2023-11-05T13:01:17 IST" duration-ms="1468" status="PASS">
          <reporter-output>
          </reporter-output>
        </test-method> <!-- WishLIst -->
        <test-method is-config="true" signature="tearDown()[pri:0, instance:com.nopcommerce.testCases.TC_WishList_005@7586beff]" started-at="2023-11-05T13:01:17 IST" name="tearDown" finished-at="2023-11-05T13:01:23 IST" duration-ms="5212" status="PASS">
          <reporter-output>
          </reporter-output>
        </test-method> <!-- tearDown -->
      </class> <!-- com.nopcommerce.testCases.TC_WishList_005 -->
    </test> <!-- NopcommerceTest -->
  </suite> <!-- nopcommerce -->
</testng-results>
