<?xml version="1.0" encoding="UTF-8"?>
<testng-results ignored="0" total="1" passed="1" failed="0" skipped="0">
  <reporter-output>
  </reporter-output>
  <suite started-at="2024-01-06T12:51:11 IST" name="nopcommerce" finished-at="2024-01-06T12:51:31 IST" duration-ms="20484">
    <groups>
    </groups>
    <test started-at="2024-01-06T12:51:11 IST" name="NopcommerceTest" finished-at="2024-01-06T12:51:31 IST" duration-ms="20484">
      <class name="com.nopcommerce.testCases.TC_ContactUs_010">
        <test-method is-config="true" signature="setup(java.lang.String)[pri:0, instance:com.nopcommerce.testCases.TC_ContactUs_010@3590fc5b]" started-at="2024-01-06T12:51:11 IST" name="setup" finished-at="2024-01-06T12:51:18 IST" duration-ms="6881" status="PASS">
          <params>
            <param index="0">
              <value>
                <![CDATA[firefox]]>
              </value>
            </param>
          </params>
          <reporter-output>
          </reporter-output>
        </test-method> <!-- setup -->
        <test-method signature="ContactTest()[pri:0, instance:com.nopcommerce.testCases.TC_ContactUs_010@3590fc5b]" started-at="2024-01-06T12:51:18 IST" name="ContactTest" finished-at="2024-01-06T12:51:26 IST" duration-ms="8321" status="PASS">
          <reporter-output>
          </reporter-output>
        </test-method> <!-- ContactTest -->
        <test-method is-config="true" signature="tearDown()[pri:0, instance:com.nopcommerce.testCases.TC_ContactUs_010@3590fc5b]" started-at="2024-01-06T12:51:26 IST" name="tearDown" finished-at="2024-01-06T12:51:31 IST" duration-ms="5235" status="PASS">
          <reporter-output>
          </reporter-output>
        </test-method> <!-- tearDown -->
      </class> <!-- com.nopcommerce.testCases.TC_ContactUs_010 -->
    </test> <!-- NopcommerceTest -->
  </suite> <!-- nopcommerce -->
</testng-results>
